<?xml version="1.0" encoding="UTF-8"?>
<coverage generated="1630345251436" clover="3.2.0">
  <project timestamp="1630345251436" name="All files">
    <metrics statements="65" coveredstatements="65" conditionals="51" coveredconditionals="50" methods="2" coveredmethods="2" elements="118" coveredelements="117" complexity="0" loc="65" ncloc="65" packages="1" files="1" classes="1"/>
    <file name="validator.ts" path="/home/maou2765/goBackend/encrypted-chat/ts/src/validator.ts">
      <metrics statements="65" coveredstatements="65" conditionals="51" coveredconditionals="50" methods="2" coveredmethods="2"/>
      <line num="1" count="1" type="stmt"/>
      <line num="2" count="1" type="stmt"/>
      <line num="10" count="1" type="stmt"/>
      <line num="11" count="48" type="stmt"/>
      <line num="12" count="48" type="stmt"/>
      <line num="13" count="50" type="stmt"/>
      <line num="14" count="50" type="stmt"/>
      <line num="15" count="72" type="cond" truecount="2" falsecount="0"/>
      <line num="16" count="18" type="cond" truecount="2" falsecount="0"/>
      <line num="17" count="2" type="stmt"/>
      <line num="18" count="2" type="stmt"/>
      <line num="19" count="2" type="stmt"/>
      <line num="21" count="54" type="cond" truecount="2" falsecount="0"/>
      <line num="22" count="12" type="stmt"/>
      <line num="23" count="12" type="cond" truecount="2" falsecount="0"/>
      <line num="28" count="2" type="stmt"/>
      <line num="29" count="2" type="stmt"/>
      <line num="30" count="2" type="stmt"/>
      <line num="32" count="42" type="cond" truecount="2" falsecount="0"/>
      <line num="33" count="4" type="stmt"/>
      <line num="34" count="4" type="cond" truecount="2" falsecount="0"/>
      <line num="39" count="2" type="stmt"/>
      <line num="40" count="2" type="stmt"/>
      <line num="41" count="2" type="stmt"/>
      <line num="43" count="38" type="cond" truecount="2" falsecount="0"/>
      <line num="44" count="4" type="stmt"/>
      <line num="45" count="4" type="stmt"/>
      <line num="46" count="4" type="cond" truecount="2" falsecount="0"/>
      <line num="47" count="2" type="stmt"/>
      <line num="48" count="2" type="stmt"/>
      <line num="49" count="2" type="stmt"/>
      <line num="51" count="34" type="cond" truecount="2" falsecount="0"/>
      <line num="52" count="8" type="stmt"/>
      <line num="53" count="8" type="cond" truecount="2" falsecount="0"/>
      <line num="58" count="2" type="stmt"/>
      <line num="59" count="2" type="stmt"/>
      <line num="60" count="2" type="stmt"/>
      <line num="62" count="26" type="cond" truecount="2" falsecount="0"/>
      <line num="63" count="4" type="stmt"/>
      <line num="64" count="4" type="cond" truecount="2" falsecount="0"/>
      <line num="69" count="2" type="stmt"/>
      <line num="70" count="2" type="stmt"/>
      <line num="71" count="2" type="stmt"/>
      <line num="73" count="22" type="cond" truecount="2" falsecount="0"/>
      <line num="74" count="4" type="stmt"/>
      <line num="75" count="4" type="stmt"/>
      <line num="76" count="4" type="cond" truecount="2" falsecount="0"/>
      <line num="77" count="2" type="stmt"/>
      <line num="78" count="2" type="stmt"/>
      <line num="79" count="2" type="stmt"/>
      <line num="81" count="18" type="cond" truecount="2" falsecount="0"/>
      <line num="82" count="8" type="stmt"/>
      <line num="83" count="8" type="cond" truecount="5" falsecount="0"/>
      <line num="84" count="2" type="stmt"/>
      <line num="85" count="2" type="stmt"/>
      <line num="86" count="2" type="stmt"/>
      <line num="88" count="10" type="cond" truecount="1" falsecount="1"/>
      <line num="89" count="10" type="stmt"/>
      <line num="90" count="10" type="stmt"/>
      <line num="91" count="10" type="stmt"/>
      <line num="92" count="10" type="cond" truecount="2" falsecount="0"/>
      <line num="93" count="6" type="stmt"/>
      <line num="94" count="6" type="stmt"/>
      <line num="95" count="6" type="stmt"/>
      <line num="100" count="48" type="stmt"/>
    </file>
  </project>
</coverage>
