{"/home/maou2765/goBackend/encrypted-chat/ts/src/validator.ts": {"path":"/home/maou2765/goBackend/encrypted-chat/ts/src/validator.ts","statementMap":{"0":{"start":{"line":1,"column":0},"end":{"line":1,"column":28}},"1":{"start":{"line":2,"column":0},"end":{"line":2,"column":44}},"2":{"start":{"line":11,"column":23},"end":{"line":11,"column":27}},"3":{"start":{"line":12,"column":2},"end":{"line":99,"column":5}},"4":{"start":{"line":13,"column":24},"end":{"line":13,"column":45}},"5":{"start":{"line":14,"column":4},"end":{"line":98,"column":null}},"6":{"start":{"line":15,"column":6},"end":{"line":97,"column":null}},"7":{"start":{"line":16,"column":8},"end":{"line":20,"column":null}},"8":{"start":{"line":17,"column":10},"end":{"line":17,"column":55}},"9":{"start":{"line":18,"column":10},"end":{"line":18,"column":33}},"10":{"start":{"line":19,"column":10},"end":{"line":19,"column":16}},"11":{"start":{"line":21,"column":13},"end":{"line":97,"column":null}},"12":{"start":{"line":22,"column":22},"end":{"line":22,"column":59}},"13":{"start":{"line":23,"column":8},"end":{"line":31,"column":null}},"14":{"start":{"line":28,"column":10},"end":{"line":28,"column":55}},"15":{"start":{"line":29,"column":10},"end":{"line":29,"column":33}},"16":{"start":{"line":30,"column":10},"end":{"line":30,"column":16}},"17":{"start":{"line":32,"column":13},"end":{"line":97,"column":null}},"18":{"start":{"line":33,"column":22},"end":{"line":33,"column":49}},"19":{"start":{"line":34,"column":8},"end":{"line":42,"column":null}},"20":{"start":{"line":39,"column":10},"end":{"line":39,"column":55}},"21":{"start":{"line":40,"column":10},"end":{"line":40,"column":33}},"22":{"start":{"line":41,"column":10},"end":{"line":41,"column":16}},"23":{"start":{"line":43,"column":13},"end":{"line":97,"column":null}},"24":{"start":{"line":44,"column":22},"end":{"line":44,"column":59}},"25":{"start":{"line":45,"column":23},"end":{"line":45,"column":53}},"26":{"start":{"line":46,"column":8},"end":{"line":50,"column":null}},"27":{"start":{"line":47,"column":10},"end":{"line":47,"column":55}},"28":{"start":{"line":48,"column":10},"end":{"line":48,"column":33}},"29":{"start":{"line":49,"column":10},"end":{"line":49,"column":16}},"30":{"start":{"line":51,"column":13},"end":{"line":97,"column":null}},"31":{"start":{"line":52,"column":22},"end":{"line":52,"column":71}},"32":{"start":{"line":53,"column":8},"end":{"line":61,"column":null}},"33":{"start":{"line":58,"column":10},"end":{"line":58,"column":55}},"34":{"start":{"line":59,"column":10},"end":{"line":59,"column":33}},"35":{"start":{"line":60,"column":10},"end":{"line":60,"column":16}},"36":{"start":{"line":62,"column":13},"end":{"line":97,"column":null}},"37":{"start":{"line":63,"column":22},"end":{"line":63,"column":71}},"38":{"start":{"line":64,"column":8},"end":{"line":72,"column":null}},"39":{"start":{"line":69,"column":10},"end":{"line":69,"column":55}},"40":{"start":{"line":70,"column":10},"end":{"line":70,"column":33}},"41":{"start":{"line":71,"column":10},"end":{"line":71,"column":16}},"42":{"start":{"line":73,"column":13},"end":{"line":97,"column":null}},"43":{"start":{"line":74,"column":28},"end":{"line":74,"column":55}},"44":{"start":{"line":75,"column":28},"end":{"line":75,"column":70}},"45":{"start":{"line":76,"column":8},"end":{"line":80,"column":null}},"46":{"start":{"line":77,"column":10},"end":{"line":77,"column":55}},"47":{"start":{"line":78,"column":10},"end":{"line":78,"column":33}},"48":{"start":{"line":79,"column":10},"end":{"line":79,"column":16}},"49":{"start":{"line":81,"column":13},"end":{"line":97,"column":null}},"50":{"start":{"line":82,"column":22},"end":{"line":82,"column":59}},"51":{"start":{"line":83,"column":8},"end":{"line":87,"column":null}},"52":{"start":{"line":84,"column":10},"end":{"line":84,"column":55}},"53":{"start":{"line":85,"column":10},"end":{"line":85,"column":33}},"54":{"start":{"line":86,"column":10},"end":{"line":86,"column":16}},"55":{"start":{"line":88,"column":13},"end":{"line":97,"column":null}},"56":{"start":{"line":89,"column":8},"end":{"line":89,"column":32}},"57":{"start":{"line":90,"column":22},"end":{"line":90,"column":59}},"58":{"start":{"line":91,"column":28},"end":{"line":91,"column":53}},"59":{"start":{"line":92,"column":8},"end":{"line":96,"column":null}},"60":{"start":{"line":93,"column":10},"end":{"line":93,"column":55}},"61":{"start":{"line":94,"column":10},"end":{"line":94,"column":33}},"62":{"start":{"line":95,"column":10},"end":{"line":95,"column":16}},"63":{"start":{"line":100,"column":2},"end":{"line":100,"column":24}},"64":{"start":{"line":10,"column":0},"end":{"line":10,"column":24}}},"fnMap":{"0":{"name":"validator","decl":{"start":{"line":10,"column":24},"end":{"line":10,"column":33}},"loc":{"start":{"line":10,"column":66},"end":{"line":101,"column":1}}},"1":{"name":"(anonymous_1)","decl":{"start":{"line":12,"column":29},"end":{"line":12,"column":30}},"loc":{"start":{"line":12,"column":37},"end":{"line":99,"column":3}}}},"branchMap":{"0":{"loc":{"start":{"line":15,"column":6},"end":{"line":97,"column":null}},"type":"if","locations":[{"start":{"line":15,"column":6},"end":{"line":97,"column":null}},{"start":{"line":15,"column":6},"end":{"line":97,"column":null}}]},"1":{"loc":{"start":{"line":16,"column":8},"end":{"line":20,"column":null}},"type":"if","locations":[{"start":{"line":16,"column":8},"end":{"line":20,"column":null}},{"start":{"line":16,"column":8},"end":{"line":20,"column":null}}]},"2":{"loc":{"start":{"line":21,"column":13},"end":{"line":97,"column":null}},"type":"if","locations":[{"start":{"line":21,"column":13},"end":{"line":97,"column":null}},{"start":{"line":21,"column":13},"end":{"line":97,"column":null}}]},"3":{"loc":{"start":{"line":23,"column":8},"end":{"line":31,"column":null}},"type":"if","locations":[{"start":{"line":23,"column":8},"end":{"line":31,"column":null}},{"start":{"line":23,"column":8},"end":{"line":31,"column":null}}]},"4":{"loc":{"start":{"line":24,"column":10},"end":{"line":24,"column":15}},"type":"binary-expr","locations":[{"start":{"line":24,"column":10},"end":{"line":24,"column":15}},{"start":{"line":25,"column":10},"end":{"line":25,"column":34}},{"start":{"line":26,"column":10},"end":{"line":26,"column":53}}]},"5":{"loc":{"start":{"line":32,"column":13},"end":{"line":97,"column":null}},"type":"if","locations":[{"start":{"line":32,"column":13},"end":{"line":97,"column":null}},{"start":{"line":32,"column":13},"end":{"line":97,"column":null}}]},"6":{"loc":{"start":{"line":34,"column":8},"end":{"line":42,"column":null}},"type":"if","locations":[{"start":{"line":34,"column":8},"end":{"line":42,"column":null}},{"start":{"line":34,"column":8},"end":{"line":42,"column":null}}]},"7":{"loc":{"start":{"line":35,"column":10},"end":{"line":35,"column":15}},"type":"binary-expr","locations":[{"start":{"line":35,"column":10},"end":{"line":35,"column":15}},{"start":{"line":36,"column":10},"end":{"line":36,"column":34}},{"start":{"line":37,"column":10},"end":{"line":37,"column":53}}]},"8":{"loc":{"start":{"line":43,"column":13},"end":{"line":97,"column":null}},"type":"if","locations":[{"start":{"line":43,"column":13},"end":{"line":97,"column":null}},{"start":{"line":43,"column":13},"end":{"line":97,"column":null}}]},"9":{"loc":{"start":{"line":46,"column":8},"end":{"line":50,"column":null}},"type":"if","locations":[{"start":{"line":46,"column":8},"end":{"line":50,"column":null}},{"start":{"line":46,"column":8},"end":{"line":50,"column":null}}]},"10":{"loc":{"start":{"line":51,"column":13},"end":{"line":97,"column":null}},"type":"if","locations":[{"start":{"line":51,"column":13},"end":{"line":97,"column":null}},{"start":{"line":51,"column":13},"end":{"line":97,"column":null}}]},"11":{"loc":{"start":{"line":53,"column":8},"end":{"line":61,"column":null}},"type":"if","locations":[{"start":{"line":53,"column":8},"end":{"line":61,"column":null}},{"start":{"line":53,"column":8},"end":{"line":61,"column":null}}]},"12":{"loc":{"start":{"line":54,"column":10},"end":{"line":54,"column":15}},"type":"binary-expr","locations":[{"start":{"line":54,"column":10},"end":{"line":54,"column":15}},{"start":{"line":55,"column":10},"end":{"line":55,"column":34}},{"start":{"line":56,"column":10},"end":{"line":56,"column":46}}]},"13":{"loc":{"start":{"line":62,"column":13},"end":{"line":97,"column":null}},"type":"if","locations":[{"start":{"line":62,"column":13},"end":{"line":97,"column":null}},{"start":{"line":62,"column":13},"end":{"line":97,"column":null}}]},"14":{"loc":{"start":{"line":64,"column":8},"end":{"line":72,"column":null}},"type":"if","locations":[{"start":{"line":64,"column":8},"end":{"line":72,"column":null}},{"start":{"line":64,"column":8},"end":{"line":72,"column":null}}]},"15":{"loc":{"start":{"line":65,"column":10},"end":{"line":65,"column":15}},"type":"binary-expr","locations":[{"start":{"line":65,"column":10},"end":{"line":65,"column":15}},{"start":{"line":66,"column":10},"end":{"line":66,"column":34}},{"start":{"line":67,"column":10},"end":{"line":67,"column":46}}]},"16":{"loc":{"start":{"line":73,"column":13},"end":{"line":97,"column":null}},"type":"if","locations":[{"start":{"line":73,"column":13},"end":{"line":97,"column":null}},{"start":{"line":73,"column":13},"end":{"line":97,"column":null}}]},"17":{"loc":{"start":{"line":76,"column":8},"end":{"line":80,"column":null}},"type":"if","locations":[{"start":{"line":76,"column":8},"end":{"line":80,"column":null}},{"start":{"line":76,"column":8},"end":{"line":80,"column":null}}]},"18":{"loc":{"start":{"line":81,"column":13},"end":{"line":97,"column":null}},"type":"if","locations":[{"start":{"line":81,"column":13},"end":{"line":97,"column":null}},{"start":{"line":81,"column":13},"end":{"line":97,"column":null}}]},"19":{"loc":{"start":{"line":83,"column":8},"end":{"line":87,"column":null}},"type":"if","locations":[{"start":{"line":83,"column":8},"end":{"line":87,"column":null}},{"start":{"line":83,"column":8},"end":{"line":87,"column":null}}]},"20":{"loc":{"start":{"line":83,"column":12},"end":{"line":83,"column":17}},"type":"binary-expr","locations":[{"start":{"line":83,"column":12},"end":{"line":83,"column":17}},{"start":{"line":83,"column":21},"end":{"line":83,"column":45}},{"start":{"line":83,"column":49},"end":{"line":83,"column":64}}]},"21":{"loc":{"start":{"line":88,"column":13},"end":{"line":97,"column":null}},"type":"if","locations":[{"start":{"line":88,"column":13},"end":{"line":97,"column":null}},{"start":{"line":88,"column":13},"end":{"line":97,"column":null}}]},"22":{"loc":{"start":{"line":92,"column":8},"end":{"line":96,"column":null}},"type":"if","locations":[{"start":{"line":92,"column":8},"end":{"line":96,"column":null}},{"start":{"line":92,"column":8},"end":{"line":96,"column":null}}]}},"s":{"0":1,"1":1,"2":48,"3":48,"4":50,"5":50,"6":72,"7":18,"8":2,"9":2,"10":2,"11":54,"12":12,"13":12,"14":2,"15":2,"16":2,"17":42,"18":4,"19":4,"20":2,"21":2,"22":2,"23":38,"24":4,"25":4,"26":4,"27":2,"28":2,"29":2,"30":34,"31":8,"32":8,"33":2,"34":2,"35":2,"36":26,"37":4,"38":4,"39":2,"40":2,"41":2,"42":22,"43":4,"44":4,"45":4,"46":2,"47":2,"48":2,"49":18,"50":8,"51":8,"52":2,"53":2,"54":2,"55":10,"56":10,"57":10,"58":10,"59":10,"60":6,"61":6,"62":6,"63":48,"64":1},"f":{"0":48,"1":50},"b":{"0":[18,54],"1":[2,16],"2":[12,42],"3":[2,10],"4":[12,12,12],"5":[4,38],"6":[2,2],"7":[4,4,4],"8":[4,34],"9":[2,2],"10":[8,26],"11":[2,6],"12":[8,8,8],"13":[4,22],"14":[2,2],"15":[4,4,4],"16":[4,18],"17":[2,2],"18":[8,10],"19":[2,6],"20":[8,8,8],"21":[10,0],"22":[6,4]}}
}
