TN:
SF:src/validator.ts
FN:10,validator
FN:12,(anonymous_1)
FNF:2
FNH:2
FNDA:48,validator
FNDA:50,(anonymous_1)
DA:1,1
DA:2,1
DA:10,1
DA:11,48
DA:12,48
DA:13,50
DA:14,50
DA:15,72
DA:16,18
DA:17,2
DA:18,2
DA:19,2
DA:21,54
DA:22,12
DA:23,12
DA:28,2
DA:29,2
DA:30,2
DA:32,42
DA:33,4
DA:34,4
DA:39,2
DA:40,2
DA:41,2
DA:43,38
DA:44,4
DA:45,4
DA:46,4
DA:47,2
DA:48,2
DA:49,2
DA:51,34
DA:52,8
DA:53,8
DA:58,2
DA:59,2
DA:60,2
DA:62,26
DA:63,4
DA:64,4
DA:69,2
DA:70,2
DA:71,2
DA:73,22
DA:74,4
DA:75,4
DA:76,4
DA:77,2
DA:78,2
DA:79,2
DA:81,18
DA:82,8
DA:83,8
DA:84,2
DA:85,2
DA:86,2
DA:88,10
DA:89,10
DA:90,10
DA:91,10
DA:92,10
DA:93,6
DA:94,6
DA:95,6
DA:100,48
LF:65
LH:65
BRDA:15,0,0,18
BRDA:15,0,1,54
BRDA:16,1,0,2
BRDA:16,1,1,16
BRDA:21,2,0,12
BRDA:21,2,1,42
BRDA:23,3,0,2
BRDA:23,3,1,10
BRDA:24,4,0,12
BRDA:24,4,1,12
BRDA:24,4,2,12
BRDA:32,5,0,4
BRDA:32,5,1,38
BRDA:34,6,0,2
BRDA:34,6,1,2
BRDA:35,7,0,4
BRDA:35,7,1,4
BRDA:35,7,2,4
BRDA:43,8,0,4
BRDA:43,8,1,34
BRDA:46,9,0,2
BRDA:46,9,1,2
BRDA:51,10,0,8
BRDA:51,10,1,26
BRDA:53,11,0,2
BRDA:53,11,1,6
BRDA:54,12,0,8
BRDA:54,12,1,8
BRDA:54,12,2,8
BRDA:62,13,0,4
BRDA:62,13,1,22
BRDA:64,14,0,2
BRDA:64,14,1,2
BRDA:65,15,0,4
BRDA:65,15,1,4
BRDA:65,15,2,4
BRDA:73,16,0,4
BRDA:73,16,1,18
BRDA:76,17,0,2
BRDA:76,17,1,2
BRDA:81,18,0,8
BRDA:81,18,1,10
BRDA:83,19,0,2
BRDA:83,19,1,6
BRDA:83,20,0,8
BRDA:83,20,1,8
BRDA:83,20,2,8
BRDA:88,21,0,10
BRDA:88,21,1,0
BRDA:92,22,0,6
BRDA:92,22,1,4
BRF:51
BRH:50
end_of_record
